{"C:\\Users\\Arsany\\Desktop\\zome\\zome-energy-desk\\microservices\\api-gateway\\controllers\\dispatch.controller.js": {"path":"C:\\Users\\Arsany\\Desktop\\zome\\zome-energy-desk\\microservices\\api-gateway\\controllers\\dispatch.controller.js","statementMap":{"0":{"start":{"line":1,"column":10},"end":{"line":1,"column":43}},"1":{"start":{"line":2,"column":19},"end":{"line":2,"column":41}},"2":{"start":{"line":3,"column":13},"end":{"line":3,"column":28}},"3":{"start":{"line":4,"column":10},"end":{"line":4,"column":43}},"4":{"start":{"line":5,"column":11},"end":{"line":5,"column":38}},"5":{"start":{"line":6,"column":13},"end":{"line":6,"column":41}},"6":{"start":{"line":7,"column":18},"end":{"line":7,"column":45}},"7":{"start":{"line":8,"column":15},"end":{"line":8,"column":45}},"8":{"start":{"line":9,"column":18},"end":{"line":9,"column":57}},"9":{"start":{"line":10,"column":15},"end":{"line":10,"column":51}},"10":{"start":{"line":11,"column":15},"end":{"line":11,"column":46}},"11":{"start":{"line":12,"column":28},"end":{"line":12,"column":79}},"12":{"start":{"line":37,"column":24},"end":{"line":70,"column":1}},"13":{"start":{"line":38,"column":4},"end":{"line":38,"column":62}},"14":{"start":{"line":40,"column":4},"end":{"line":69,"column":5}},"15":{"start":{"line":41,"column":66},"end":{"line":41,"column":74}},"16":{"start":{"line":43,"column":17},"end":{"line":43,"column":162}},"17":{"start":{"line":44,"column":8},"end":{"line":44,"column":32}},"18":{"start":{"line":45,"column":26},"end":{"line":49,"column":9}},"19":{"start":{"line":51,"column":8},"end":{"line":62,"column":11}},"20":{"start":{"line":64,"column":18},"end":{"line":64,"column":39}},"21":{"start":{"line":66,"column":8},"end":{"line":66,"column":38}},"22":{"start":{"line":68,"column":8},"end":{"line":68,"column":51}},"23":{"start":{"line":72,"column":23},"end":{"line":112,"column":1}},"24":{"start":{"line":73,"column":4},"end":{"line":111,"column":5}},"25":{"start":{"line":74,"column":25},"end":{"line":74,"column":56}},"26":{"start":{"line":75,"column":8},"end":{"line":75,"column":46}},"27":{"start":{"line":77,"column":39},"end":{"line":77,"column":118}},"28":{"start":{"line":78,"column":8},"end":{"line":81,"column":9}},"29":{"start":{"line":79,"column":12},"end":{"line":79,"column":108}},"30":{"start":{"line":79,"column":82},"end":{"line":79,"column":106}},"31":{"start":{"line":80,"column":12},"end":{"line":80,"column":99}},"32":{"start":{"line":80,"column":54},"end":{"line":80,"column":97}},"33":{"start":{"line":82,"column":8},"end":{"line":84,"column":9}},"34":{"start":{"line":83,"column":12},"end":{"line":83,"column":118}},"35":{"start":{"line":87,"column":24},"end":{"line":93,"column":9}},"36":{"start":{"line":94,"column":8},"end":{"line":94,"column":45}},"37":{"start":{"line":95,"column":26},"end":{"line":99,"column":9}},"38":{"start":{"line":100,"column":8},"end":{"line":102,"column":10}},"39":{"start":{"line":101,"column":12},"end":{"line":101,"column":55}},"40":{"start":{"line":104,"column":8},"end":{"line":104,"column":36}},"41":{"start":{"line":105,"column":8},"end":{"line":105,"column":81}},"42":{"start":{"line":107,"column":8},"end":{"line":107,"column":36}},"43":{"start":{"line":108,"column":18},"end":{"line":108,"column":25}},"44":{"start":{"line":109,"column":8},"end":{"line":109,"column":36}},"45":{"start":{"line":110,"column":8},"end":{"line":110,"column":38}},"46":{"start":{"line":114,"column":33},"end":{"line":134,"column":1}},"47":{"start":{"line":115,"column":4},"end":{"line":133,"column":5}},"48":{"start":{"line":116,"column":8},"end":{"line":116,"column":51}},"49":{"start":{"line":117,"column":26},"end":{"line":121,"column":9}},"50":{"start":{"line":122,"column":8},"end":{"line":124,"column":10}},"51":{"start":{"line":123,"column":12},"end":{"line":123,"column":55}},"52":{"start":{"line":126,"column":8},"end":{"line":126,"column":36}},"53":{"start":{"line":127,"column":8},"end":{"line":127,"column":99}},"54":{"start":{"line":129,"column":8},"end":{"line":129,"column":36}},"55":{"start":{"line":130,"column":18},"end":{"line":130,"column":25}},"56":{"start":{"line":131,"column":8},"end":{"line":131,"column":36}},"57":{"start":{"line":132,"column":8},"end":{"line":132,"column":38}},"58":{"start":{"line":136,"column":0},"end":{"line":140,"column":1}}},"fnMap":{"0":{"name":"(anonymous_0)","decl":{"start":{"line":37,"column":24},"end":{"line":37,"column":25}},"loc":{"start":{"line":37,"column":42},"end":{"line":70,"column":1}},"line":37},"1":{"name":"(anonymous_1)","decl":{"start":{"line":54,"column":12},"end":{"line":54,"column":13}},"loc":{"start":{"line":54,"column":43},"end":{"line":62,"column":9}},"line":54},"2":{"name":"(anonymous_2)","decl":{"start":{"line":72,"column":23},"end":{"line":72,"column":24}},"loc":{"start":{"line":72,"column":40},"end":{"line":112,"column":1}},"line":72},"3":{"name":"(anonymous_3)","decl":{"start":{"line":79,"column":67},"end":{"line":79,"column":68}},"loc":{"start":{"line":79,"column":82},"end":{"line":79,"column":106}},"line":79},"4":{"name":"(anonymous_4)","decl":{"start":{"line":80,"column":43},"end":{"line":80,"column":44}},"loc":{"start":{"line":80,"column":54},"end":{"line":80,"column":97}},"line":80},"5":{"name":"(anonymous_5)","decl":{"start":{"line":100,"column":36},"end":{"line":100,"column":37}},"loc":{"start":{"line":100,"column":67},"end":{"line":102,"column":9}},"line":100},"6":{"name":"(anonymous_6)","decl":{"start":{"line":114,"column":33},"end":{"line":114,"column":34}},"loc":{"start":{"line":114,"column":50},"end":{"line":134,"column":1}},"line":114},"7":{"name":"(anonymous_7)","decl":{"start":{"line":122,"column":36},"end":{"line":122,"column":37}},"loc":{"start":{"line":122,"column":67},"end":{"line":124,"column":9}},"line":122}},"branchMap":{"0":{"loc":{"start":{"line":8,"column":15},"end":{"line":8,"column":45}},"type":"binary-expr","locations":[{"start":{"line":8,"column":15},"end":{"line":8,"column":35}},{"start":{"line":8,"column":39},"end":{"line":8,"column":45}}],"line":8},"1":{"loc":{"start":{"line":9,"column":18},"end":{"line":9,"column":57}},"type":"binary-expr","locations":[{"start":{"line":9,"column":18},"end":{"line":9,"column":42}},{"start":{"line":9,"column":46},"end":{"line":9,"column":57}}],"line":9},"2":{"loc":{"start":{"line":78,"column":8},"end":{"line":81,"column":9}},"type":"if","locations":[{"start":{"line":78,"column":8},"end":{"line":81,"column":9}},{"start":{},"end":{}}],"line":78},"3":{"loc":{"start":{"line":82,"column":8},"end":{"line":84,"column":9}},"type":"if","locations":[{"start":{"line":82,"column":8},"end":{"line":84,"column":9}},{"start":{},"end":{}}],"line":82}},"s":{"0":1,"1":1,"2":1,"3":1,"4":1,"5":1,"6":1,"7":1,"8":1,"9":1,"10":1,"11":1,"12":1,"13":0,"14":0,"15":0,"16":0,"17":0,"18":0,"19":0,"20":0,"21":0,"22":0,"23":1,"24":0,"25":0,"26":0,"27":0,"28":0,"29":0,"30":0,"31":0,"32":0,"33":0,"34":0,"35":0,"36":0,"37":0,"38":0,"39":0,"40":0,"41":0,"42":0,"43":0,"44":0,"45":0,"46":1,"47":1,"48":1,"49":1,"50":1,"51":0,"52":1,"53":1,"54":0,"55":0,"56":0,"57":0,"58":1},"f":{"0":0,"1":0,"2":0,"3":0,"4":0,"5":0,"6":1,"7":0},"b":{"0":[1,1],"1":[1,1],"2":[0,0],"3":[0,0]},"_coverageSchema":"1a1c01bbd47fc00a2c39e90264f33305004495a9","hash":"597322ce727ac747c29da6ec7e4dd1ecbcd26f40"}
,"C:\\Users\\Arsany\\Desktop\\zome\\zome-energy-desk\\microservices\\core\\config\\index.js": {"path":"C:\\Users\\Arsany\\Desktop\\zome\\zome-energy-desk\\microservices\\core\\config\\index.js","statementMap":{"0":{"start":{"line":1,"column":0},"end":{"line":1,"column":68}},"1":{"start":{"line":2,"column":0},"end":{"line":2,"column":48}}},"fnMap":{},"branchMap":{},"s":{"0":1,"1":1},"f":{},"b":{},"_coverageSchema":"1a1c01bbd47fc00a2c39e90264f33305004495a9","hash":"fefe64b97d4dbb601d0f073617abd2aeeed9b646"}
,"C:\\Users\\Arsany\\Desktop\\zome\\zome-energy-desk\\microservices\\core\\config\\irc.config.js": {"path":"C:\\Users\\Arsany\\Desktop\\zome\\zome-energy-desk\\microservices\\core\\config\\irc.config.js","statementMap":{"0":{"start":{"line":1,"column":0},"end":{"line":10,"column":1}}},"fnMap":{},"branchMap":{"0":{"loc":{"start":{"line":2,"column":10},"end":{"line":2,"column":79}},"type":"binary-expr","locations":[{"start":{"line":2,"column":10},"end":{"line":2,"column":32}},{"start":{"line":2,"column":36},"end":{"line":2,"column":79}}],"line":2},"1":{"loc":{"start":{"line":3,"column":10},"end":{"line":3,"column":45}},"type":"binary-expr","locations":[{"start":{"line":3,"column":10},"end":{"line":3,"column":37}},{"start":{"line":3,"column":41},"end":{"line":3,"column":45}}],"line":3},"2":{"loc":{"start":{"line":4,"column":10},"end":{"line":4,"column":50}},"type":"binary-expr","locations":[{"start":{"line":4,"column":10},"end":{"line":4,"column":34}},{"start":{"line":4,"column":38},"end":{"line":4,"column":50}}],"line":4}},"s":{"0":1},"f":{},"b":{"0":[1,1],"1":[1,1],"2":[1,1]},"_coverageSchema":"1a1c01bbd47fc00a2c39e90264f33305004495a9","hash":"89060f6ab7dbf98e77649634373c1589b49e0f90"}
,"C:\\Users\\Arsany\\Desktop\\zome\\zome-energy-desk\\microservices\\core\\config\\microservices.config.js": {"path":"C:\\Users\\Arsany\\Desktop\\zome\\zome-energy-desk\\microservices\\core\\config\\microservices.config.js","statementMap":{"0":{"start":{"line":2,"column":20},"end":{"line":2,"column":57}},"1":{"start":{"line":4,"column":0},"end":{"line":84,"column":2}}},"fnMap":{},"branchMap":{"0":{"loc":{"start":{"line":2,"column":20},"end":{"line":2,"column":57}},"type":"binary-expr","locations":[{"start":{"line":2,"column":20},"end":{"line":2,"column":45}},{"start":{"line":2,"column":49},"end":{"line":2,"column":57}}],"line":2}},"s":{"0":1,"1":1},"f":{},"b":{"0":[1,1]},"_coverageSchema":"1a1c01bbd47fc00a2c39e90264f33305004495a9","hash":"cf5eac8b86de614ae07e33f1fabef38fe9b6c7e6"}
,"C:\\Users\\Arsany\\Desktop\\zome\\zome-energy-desk\\microservices\\core\\lib\\error.lib.js": {"path":"C:\\Users\\Arsany\\Desktop\\zome\\zome-energy-desk\\microservices\\core\\lib\\error.lib.js","statementMap":{"0":{"start":{"line":1,"column":0},"end":{"line":37,"column":2}}},"fnMap":{},"branchMap":{},"s":{"0":2},"f":{},"b":{},"_coverageSchema":"1a1c01bbd47fc00a2c39e90264f33305004495a9","hash":"c1c802853f59c1b9c804e1248bca082989fd2285"}
,"C:\\Users\\Arsany\\Desktop\\zome\\zome-energy-desk\\microservices\\core\\lib\\index.js": {"path":"C:\\Users\\Arsany\\Desktop\\zome\\zome-energy-desk\\microservices\\core\\lib\\index.js","statementMap":{"0":{"start":{"line":1,"column":0},"end":{"line":1,"column":51}},"1":{"start":{"line":2,"column":0},"end":{"line":2,"column":47}},"2":{"start":{"line":3,"column":0},"end":{"line":3,"column":49}},"3":{"start":{"line":4,"column":0},"end":{"line":4,"column":47}}},"fnMap":{},"branchMap":{},"s":{"0":2,"1":2,"2":2,"3":2},"f":{},"b":{},"_coverageSchema":"1a1c01bbd47fc00a2c39e90264f33305004495a9","hash":"573eec3e4e69f9997e1c919507eb95e0e8fd4495"}
,"C:\\Users\\Arsany\\Desktop\\zome\\zome-energy-desk\\microservices\\core\\lib\\logger.lib.js": {"path":"C:\\Users\\Arsany\\Desktop\\zome\\zome-energy-desk\\microservices\\core\\lib\\logger.lib.js","statementMap":{"0":{"start":{"line":1,"column":13},"end":{"line":1,"column":30}},"1":{"start":{"line":2,"column":19},"end":{"line":2,"column":49}},"2":{"start":{"line":3,"column":25},"end":{"line":3,"column":63}},"3":{"start":{"line":4,"column":21},"end":{"line":4,"column":49}},"4":{"start":{"line":5,"column":10},"end":{"line":5,"column":28}},"5":{"start":{"line":8,"column":19},"end":{"line":8,"column":37}},"6":{"start":{"line":9,"column":0},"end":{"line":9,"column":34}},"7":{"start":{"line":10,"column":15},"end":{"line":10,"column":46}},"8":{"start":{"line":11,"column":16},"end":{"line":11,"column":47}},"9":{"start":{"line":13,"column":0},"end":{"line":17,"column":3}},"10":{"start":{"line":20,"column":4},"end":{"line":25,"column":5}},"11":{"start":{"line":21,"column":8},"end":{"line":24,"column":9}},"12":{"start":{"line":29,"column":4},"end":{"line":148,"column":5}},"13":{"start":{"line":30,"column":28},"end":{"line":62,"column":9}},"14":{"start":{"line":63,"column":8},"end":{"line":63,"column":29}},"15":{"start":{"line":65,"column":28},"end":{"line":146,"column":9}},"16":{"start":{"line":147,"column":8},"end":{"line":147,"column":29}},"17":{"start":{"line":151,"column":0},"end":{"line":160,"column":3}}},"fnMap":{"0":{"name":"reqSerializer","decl":{"start":{"line":19,"column":9},"end":{"line":19,"column":22}},"loc":{"start":{"line":19,"column":28},"end":{"line":26,"column":1}},"line":19},"1":{"name":"logStreams","decl":{"start":{"line":28,"column":9},"end":{"line":28,"column":19}},"loc":{"start":{"line":28,"column":22},"end":{"line":149,"column":1}},"line":28}},"branchMap":{"0":{"loc":{"start":{"line":10,"column":15},"end":{"line":10,"column":46}},"type":"binary-expr","locations":[{"start":{"line":10,"column":15},"end":{"line":10,"column":36}},{"start":{"line":10,"column":40},"end":{"line":10,"column":46}}],"line":10},"1":{"loc":{"start":{"line":11,"column":16},"end":{"line":11,"column":47}},"type":"binary-expr","locations":[{"start":{"line":11,"column":16},"end":{"line":11,"column":38}},{"start":{"line":11,"column":42},"end":{"line":11,"column":47}}],"line":11},"2":{"loc":{"start":{"line":20,"column":4},"end":{"line":25,"column":5}},"type":"if","locations":[{"start":{"line":20,"column":4},"end":{"line":25,"column":5}},{"start":{},"end":{}}],"line":20},"3":{"loc":{"start":{"line":29,"column":4},"end":{"line":148,"column":5}},"type":"if","locations":[{"start":{"line":29,"column":4},"end":{"line":148,"column":5}},{"start":{"line":64,"column":11},"end":{"line":148,"column":5}}],"line":29}},"s":{"0":2,"1":2,"2":2,"3":2,"4":2,"5":2,"6":2,"7":2,"8":2,"9":2,"10":0,"11":0,"12":2,"13":2,"14":2,"15":0,"16":0,"17":2},"f":{"0":0,"1":2},"b":{"0":[2,2],"1":[2,2],"2":[0,0],"3":[2,0]},"_coverageSchema":"1a1c01bbd47fc00a2c39e90264f33305004495a9","hash":"cc66fa0b955a8ffae03f3cc632e9021999fe8251"}
,"C:\\Users\\Arsany\\Desktop\\zome\\zome-energy-desk\\microservices\\core\\lib\\resp.lib.js": {"path":"C:\\Users\\Arsany\\Desktop\\zome\\zome-energy-desk\\microservices\\core\\lib\\resp.lib.js","statementMap":{"0":{"start":{"line":1,"column":10},"end":{"line":1,"column":37}},"1":{"start":{"line":2,"column":13},"end":{"line":2,"column":35}},"2":{"start":{"line":5,"column":0},"end":{"line":14,"column":1}},"3":{"start":{"line":6,"column":21},"end":{"line":6,"column":42}},"4":{"start":{"line":7,"column":4},"end":{"line":13,"column":7}},"5":{"start":{"line":16,"column":0},"end":{"line":24,"column":1}},"6":{"start":{"line":17,"column":4},"end":{"line":23,"column":7}},"7":{"start":{"line":26,"column":25},"end":{"line":71,"column":1}},"8":{"start":{"line":28,"column":4},"end":{"line":38,"column":5}},"9":{"start":{"line":30,"column":8},"end":{"line":30,"column":27}},"10":{"start":{"line":31,"column":8},"end":{"line":37,"column":9}},"11":{"start":{"line":33,"column":12},"end":{"line":33,"column":31}},"12":{"start":{"line":34,"column":12},"end":{"line":34,"column":56}},"13":{"start":{"line":36,"column":12},"end":{"line":36,"column":19}},"14":{"start":{"line":41,"column":19},"end":{"line":41,"column":23}},"15":{"start":{"line":42,"column":4},"end":{"line":44,"column":5}},"16":{"start":{"line":43,"column":8},"end":{"line":43,"column":39}},"17":{"start":{"line":46,"column":4},"end":{"line":54,"column":5}},"18":{"start":{"line":48,"column":8},"end":{"line":48,"column":70}},"19":{"start":{"line":49,"column":8},"end":{"line":53,"column":9}},"20":{"start":{"line":50,"column":12},"end":{"line":50,"column":60}},"21":{"start":{"line":52,"column":12},"end":{"line":52,"column":19}},"22":{"start":{"line":56,"column":4},"end":{"line":64,"column":5}},"23":{"start":{"line":58,"column":8},"end":{"line":58,"column":32}},"24":{"start":{"line":59,"column":8},"end":{"line":63,"column":9}},"25":{"start":{"line":60,"column":12},"end":{"line":60,"column":32}},"26":{"start":{"line":62,"column":12},"end":{"line":62,"column":19}},"27":{"start":{"line":66,"column":4},"end":{"line":70,"column":5}},"28":{"start":{"line":67,"column":8},"end":{"line":67,"column":39}},"29":{"start":{"line":69,"column":8},"end":{"line":69,"column":15}}},"fnMap":{"0":{"name":"(anonymous_0)","decl":{"start":{"line":5,"column":22},"end":{"line":5,"column":23}},"loc":{"start":{"line":5,"column":41},"end":{"line":14,"column":1}},"line":5},"1":{"name":"(anonymous_1)","decl":{"start":{"line":16,"column":24},"end":{"line":16,"column":25}},"loc":{"start":{"line":16,"column":44},"end":{"line":24,"column":1}},"line":16},"2":{"name":"(anonymous_2)","decl":{"start":{"line":26,"column":25},"end":{"line":26,"column":26}},"loc":{"start":{"line":26,"column":60},"end":{"line":71,"column":1}},"line":26}},"branchMap":{"0":{"loc":{"start":{"line":6,"column":21},"end":{"line":6,"column":42}},"type":"binary-expr","locations":[{"start":{"line":6,"column":21},"end":{"line":6,"column":35}},{"start":{"line":6,"column":39},"end":{"line":6,"column":42}}],"line":6},"1":{"loc":{"start":{"line":12,"column":16},"end":{"line":12,"column":47}},"type":"binary-expr","locations":[{"start":{"line":12,"column":16},"end":{"line":12,"column":25}},{"start":{"line":12,"column":29},"end":{"line":12,"column":40}},{"start":{"line":12,"column":44},"end":{"line":12,"column":47}}],"line":12},"2":{"loc":{"start":{"line":28,"column":4},"end":{"line":38,"column":5}},"type":"if","locations":[{"start":{"line":28,"column":4},"end":{"line":38,"column":5}},{"start":{},"end":{}}],"line":28},"3":{"loc":{"start":{"line":31,"column":8},"end":{"line":37,"column":9}},"type":"if","locations":[{"start":{"line":31,"column":8},"end":{"line":37,"column":9}},{"start":{"line":35,"column":15},"end":{"line":37,"column":9}}],"line":31},"4":{"loc":{"start":{"line":42,"column":4},"end":{"line":44,"column":5}},"type":"if","locations":[{"start":{"line":42,"column":4},"end":{"line":44,"column":5}},{"start":{},"end":{}}],"line":42},"5":{"loc":{"start":{"line":46,"column":4},"end":{"line":54,"column":5}},"type":"if","locations":[{"start":{"line":46,"column":4},"end":{"line":54,"column":5}},{"start":{},"end":{}}],"line":46},"6":{"loc":{"start":{"line":49,"column":8},"end":{"line":53,"column":9}},"type":"if","locations":[{"start":{"line":49,"column":8},"end":{"line":53,"column":9}},{"start":{"line":51,"column":15},"end":{"line":53,"column":9}}],"line":49},"7":{"loc":{"start":{"line":56,"column":4},"end":{"line":64,"column":5}},"type":"if","locations":[{"start":{"line":56,"column":4},"end":{"line":64,"column":5}},{"start":{},"end":{}}],"line":56},"8":{"loc":{"start":{"line":56,"column":8},"end":{"line":56,"column":80}},"type":"binary-expr","locations":[{"start":{"line":56,"column":8},"end":{"line":56,"column":49}},{"start":{"line":56,"column":53},"end":{"line":56,"column":80}}],"line":56},"9":{"loc":{"start":{"line":59,"column":8},"end":{"line":63,"column":9}},"type":"if","locations":[{"start":{"line":59,"column":8},"end":{"line":63,"column":9}},{"start":{"line":61,"column":15},"end":{"line":63,"column":9}}],"line":59},"10":{"loc":{"start":{"line":66,"column":4},"end":{"line":70,"column":5}},"type":"if","locations":[{"start":{"line":66,"column":4},"end":{"line":70,"column":5}},{"start":{"line":68,"column":11},"end":{"line":70,"column":5}}],"line":66}},"s":{"0":2,"1":2,"2":2,"3":0,"4":0,"5":2,"6":0,"7":2,"8":0,"9":0,"10":0,"11":0,"12":0,"13":0,"14":0,"15":0,"16":0,"17":0,"18":0,"19":0,"20":0,"21":0,"22":0,"23":0,"24":0,"25":0,"26":0,"27":0,"28":0,"29":0},"f":{"0":0,"1":0,"2":0},"b":{"0":[0,0],"1":[0,0,0],"2":[0,0],"3":[0,0],"4":[0,0],"5":[0,0],"6":[0,0],"7":[0,0],"8":[0,0],"9":[0,0],"10":[0,0]},"_coverageSchema":"1a1c01bbd47fc00a2c39e90264f33305004495a9","hash":"17307a4f924512d9d43a3c22f609a9e148f57751"}
,"C:\\Users\\Arsany\\Desktop\\zome\\zome-energy-desk\\microservices\\core\\lib\\rest.lib.js": {"path":"C:\\Users\\Arsany\\Desktop\\zome\\zome-energy-desk\\microservices\\core\\lib\\rest.lib.js","statementMap":{"0":{"start":{"line":1,"column":14},"end":{"line":1,"column":32}},"1":{"start":{"line":2,"column":10},"end":{"line":2,"column":37}},"2":{"start":{"line":3,"column":13},"end":{"line":3,"column":35}},"3":{"start":{"line":5,"column":0},"end":{"line":73,"column":2}},"4":{"start":{"line":7,"column":4},"end":{"line":7,"column":40}},"5":{"start":{"line":8,"column":4},"end":{"line":8,"column":22}},"6":{"start":{"line":9,"column":4},"end":{"line":11,"column":5}},"7":{"start":{"line":10,"column":8},"end":{"line":10,"column":49}},"8":{"start":{"line":13,"column":4},"end":{"line":15,"column":5}},"9":{"start":{"line":14,"column":8},"end":{"line":14,"column":59}},"10":{"start":{"line":17,"column":4},"end":{"line":21,"column":5}},"11":{"start":{"line":18,"column":8},"end":{"line":20,"column":10}},"12":{"start":{"line":23,"column":4},"end":{"line":25,"column":5}},"13":{"start":{"line":24,"column":8},"end":{"line":24,"column":78}},"14":{"start":{"line":26,"column":4},"end":{"line":28,"column":5}},"15":{"start":{"line":27,"column":8},"end":{"line":27,"column":26}},"16":{"start":{"line":30,"column":4},"end":{"line":35,"column":5}},"17":{"start":{"line":31,"column":8},"end":{"line":34,"column":9}},"18":{"start":{"line":36,"column":4},"end":{"line":36,"column":45}},"19":{"start":{"line":37,"column":4},"end":{"line":37,"column":22}},"20":{"start":{"line":38,"column":18},"end":{"line":38,"column":28}},"21":{"start":{"line":40,"column":4},"end":{"line":72,"column":7}},"22":{"start":{"line":42,"column":8},"end":{"line":58,"column":9}},"23":{"start":{"line":43,"column":12},"end":{"line":49,"column":39}},"24":{"start":{"line":51,"column":12},"end":{"line":57,"column":39}},"25":{"start":{"line":60,"column":8},"end":{"line":69,"column":9}},"26":{"start":{"line":61,"column":12},"end":{"line":61,"column":63}},"27":{"start":{"line":62,"column":12},"end":{"line":68,"column":13}},"28":{"start":{"line":63,"column":16},"end":{"line":63,"column":70}},"29":{"start":{"line":65,"column":19},"end":{"line":68,"column":13}},"30":{"start":{"line":66,"column":16},"end":{"line":66,"column":70}},"31":{"start":{"line":70,"column":8},"end":{"line":70,"column":78}},"32":{"start":{"line":71,"column":8},"end":{"line":71,"column":41}}},"fnMap":{"0":{"name":"(anonymous_0)","decl":{"start":{"line":5,"column":15},"end":{"line":5,"column":16}},"loc":{"start":{"line":5,"column":42},"end":{"line":73,"column":1}},"line":5},"1":{"name":"(anonymous_1)","decl":{"start":{"line":40,"column":21},"end":{"line":40,"column":22}},"loc":{"start":{"line":40,"column":52},"end":{"line":72,"column":5}},"line":40}},"branchMap":{"0":{"loc":{"start":{"line":9,"column":4},"end":{"line":11,"column":5}},"type":"if","locations":[{"start":{"line":9,"column":4},"end":{"line":11,"column":5}},{"start":{},"end":{}}],"line":9},"1":{"loc":{"start":{"line":13,"column":4},"end":{"line":15,"column":5}},"type":"if","locations":[{"start":{"line":13,"column":4},"end":{"line":15,"column":5}},{"start":{},"end":{}}],"line":13},"2":{"loc":{"start":{"line":17,"column":4},"end":{"line":21,"column":5}},"type":"if","locations":[{"start":{"line":17,"column":4},"end":{"line":21,"column":5}},{"start":{},"end":{}}],"line":17},"3":{"loc":{"start":{"line":23,"column":4},"end":{"line":25,"column":5}},"type":"if","locations":[{"start":{"line":23,"column":4},"end":{"line":25,"column":5}},{"start":{},"end":{}}],"line":23},"4":{"loc":{"start":{"line":24,"column":26},"end":{"line":24,"column":77}},"type":"binary-expr","locations":[{"start":{"line":24,"column":26},"end":{"line":24,"column":66}},{"start":{"line":24,"column":71},"end":{"line":24,"column":77}}],"line":24},"5":{"loc":{"start":{"line":26,"column":4},"end":{"line":28,"column":5}},"type":"if","locations":[{"start":{"line":26,"column":4},"end":{"line":28,"column":5}},{"start":{},"end":{}}],"line":26},"6":{"loc":{"start":{"line":30,"column":4},"end":{"line":35,"column":5}},"type":"if","locations":[{"start":{"line":30,"column":4},"end":{"line":35,"column":5}},{"start":{},"end":{}}],"line":30},"7":{"loc":{"start":{"line":42,"column":8},"end":{"line":58,"column":9}},"type":"if","locations":[{"start":{"line":42,"column":8},"end":{"line":58,"column":9}},{"start":{"line":50,"column":15},"end":{"line":58,"column":9}}],"line":42},"8":{"loc":{"start":{"line":60,"column":8},"end":{"line":69,"column":9}},"type":"if","locations":[{"start":{"line":60,"column":8},"end":{"line":69,"column":9}},{"start":{},"end":{}}],"line":60},"9":{"loc":{"start":{"line":62,"column":12},"end":{"line":68,"column":13}},"type":"if","locations":[{"start":{"line":62,"column":12},"end":{"line":68,"column":13}},{"start":{"line":65,"column":19},"end":{"line":68,"column":13}}],"line":62},"10":{"loc":{"start":{"line":65,"column":19},"end":{"line":68,"column":13}},"type":"if","locations":[{"start":{"line":65,"column":19},"end":{"line":68,"column":13}},{"start":{},"end":{}}],"line":65}},"s":{"0":2,"1":2,"2":2,"3":2,"4":1,"5":1,"6":1,"7":0,"8":1,"9":0,"10":1,"11":1,"12":1,"13":1,"14":1,"15":0,"16":1,"17":1,"18":1,"19":1,"20":1,"21":1,"22":0,"23":0,"24":0,"25":0,"26":0,"27":0,"28":0,"29":0,"30":0,"31":0,"32":0},"f":{"0":1,"1":0},"b":{"0":[0,1],"1":[0,1],"2":[1,0],"3":[1,0],"4":[1,1],"5":[0,1],"6":[1,0],"7":[0,0],"8":[0,0],"9":[0,0],"10":[0,0]},"_coverageSchema":"1a1c01bbd47fc00a2c39e90264f33305004495a9","hash":"1fd77b5822d30234d1494ee1d1747170702bf0f0"}
,"C:\\Users\\Arsany\\Desktop\\zome\\zome-energy-desk\\microservices\\core\\server\\connection.js": {"path":"C:\\Users\\Arsany\\Desktop\\zome\\zome-energy-desk\\microservices\\core\\server\\connection.js","statementMap":{"0":{"start":{"line":1,"column":10},"end":{"line":1,"column":40}},"1":{"start":{"line":2,"column":15},"end":{"line":2,"column":34}},"2":{"start":{"line":5,"column":16},"end":{"line":5,"column":37}},"3":{"start":{"line":7,"column":17},"end":{"line":19,"column":1}},"4":{"start":{"line":8,"column":4},"end":{"line":18,"column":11}},"5":{"start":{"line":14,"column":12},"end":{"line":14,"column":40}},"6":{"start":{"line":17,"column":12},"end":{"line":17,"column":50}},"7":{"start":{"line":21,"column":0},"end":{"line":21,"column":28}}},"fnMap":{"0":{"name":"(anonymous_0)","decl":{"start":{"line":7,"column":17},"end":{"line":7,"column":18}},"loc":{"start":{"line":7,"column":39},"end":{"line":19,"column":1}},"line":7},"1":{"name":"(anonymous_1)","decl":{"start":{"line":12,"column":14},"end":{"line":12,"column":15}},"loc":{"start":{"line":12,"column":20},"end":{"line":15,"column":9}},"line":12},"2":{"name":"(anonymous_2)","decl":{"start":{"line":16,"column":15},"end":{"line":16,"column":16}},"loc":{"start":{"line":16,"column":24},"end":{"line":18,"column":9}},"line":16}},"branchMap":{},"s":{"0":2,"1":2,"2":2,"3":2,"4":1,"5":1,"6":0,"7":2},"f":{"0":1,"1":1,"2":0},"b":{},"_coverageSchema":"1a1c01bbd47fc00a2c39e90264f33305004495a9","hash":"6ffd8c5f598a39bb37c214859eb0846dbcdbe655"}
,"C:\\Users\\Arsany\\Desktop\\zome\\zome-energy-desk\\microservices\\core\\server\\index.js": {"path":"C:\\Users\\Arsany\\Desktop\\zome\\zome-energy-desk\\microservices\\core\\server\\index.js","statementMap":{"0":{"start":{"line":1,"column":0},"end":{"line":1,"column":44}},"1":{"start":{"line":2,"column":0},"end":{"line":2,"column":52}},"2":{"start":{"line":3,"column":0},"end":{"line":3,"column":46}},"3":{"start":{"line":4,"column":0},"end":{"line":4,"column":51}},"4":{"start":{"line":5,"column":0},"end":{"line":5,"column":47}},"5":{"start":{"line":6,"column":0},"end":{"line":6,"column":49}},"6":{"start":{"line":7,"column":0},"end":{"line":7,"column":47}},"7":{"start":{"line":9,"column":0},"end":{"line":9,"column":44}},"8":{"start":{"line":10,"column":0},"end":{"line":10,"column":46}}},"fnMap":{},"branchMap":{},"s":{"0":1,"1":1,"2":1,"3":1,"4":1,"5":1,"6":1,"7":1,"8":1},"f":{},"b":{},"_coverageSchema":"1a1c01bbd47fc00a2c39e90264f33305004495a9","hash":"9c98c708928251f0b37cb0aa66e2cff285c3c4d5"}
,"C:\\Users\\Arsany\\Desktop\\zome\\zome-energy-desk\\microservices\\core\\server\\server.js": {"path":"C:\\Users\\Arsany\\Desktop\\zome\\zome-energy-desk\\microservices\\core\\server\\server.js","statementMap":{"0":{"start":{"line":1,"column":21},"end":{"line":1,"column":41}},"1":{"start":{"line":2,"column":11},"end":{"line":2,"column":26}},"2":{"start":{"line":3,"column":12},"end":{"line":3,"column":28}},"3":{"start":{"line":4,"column":9},"end":{"line":4,"column":22}},"4":{"start":{"line":5,"column":11},"end":{"line":5,"column":26}},"5":{"start":{"line":6,"column":20},"end":{"line":6,"column":50}},"6":{"start":{"line":7,"column":10},"end":{"line":7,"column":40}},"7":{"start":{"line":10,"column":13},"end":{"line":97,"column":1}},"8":{"start":{"line":15,"column":4},"end":{"line":15,"column":47}},"9":{"start":{"line":16,"column":15},"end":{"line":16,"column":62}},"10":{"start":{"line":17,"column":4},"end":{"line":17,"column":35}},"11":{"start":{"line":19,"column":19},"end":{"line":19,"column":49}},"12":{"start":{"line":20,"column":4},"end":{"line":20,"column":38}},"13":{"start":{"line":26,"column":4},"end":{"line":46,"column":5}},"14":{"start":{"line":27,"column":8},"end":{"line":27,"column":101}},"15":{"start":{"line":29,"column":30},"end":{"line":29,"column":68}},"16":{"start":{"line":30,"column":26},"end":{"line":30,"column":60}},"17":{"start":{"line":32,"column":8},"end":{"line":32,"column":88}},"18":{"start":{"line":34,"column":22},"end":{"line":40,"column":9}},"19":{"start":{"line":42,"column":8},"end":{"line":42,"column":54}},"20":{"start":{"line":44,"column":8},"end":{"line":44,"column":100}},"21":{"start":{"line":45,"column":8},"end":{"line":45,"column":44}},"22":{"start":{"line":52,"column":4},"end":{"line":52,"column":72}},"23":{"start":{"line":58,"column":4},"end":{"line":58,"column":24}},"24":{"start":{"line":63,"column":4},"end":{"line":85,"column":7}},"25":{"start":{"line":64,"column":8},"end":{"line":66,"column":9}},"26":{"start":{"line":65,"column":12},"end":{"line":65,"column":24}},"27":{"start":{"line":68,"column":19},"end":{"line":70,"column":28}},"28":{"start":{"line":73,"column":8},"end":{"line":84,"column":9}},"29":{"start":{"line":75,"column":16},"end":{"line":75,"column":66}},"30":{"start":{"line":76,"column":16},"end":{"line":76,"column":32}},"31":{"start":{"line":77,"column":16},"end":{"line":77,"column":22}},"32":{"start":{"line":79,"column":16},"end":{"line":79,"column":55}},"33":{"start":{"line":80,"column":16},"end":{"line":80,"column":32}},"34":{"start":{"line":81,"column":16},"end":{"line":81,"column":22}},"35":{"start":{"line":83,"column":16},"end":{"line":83,"column":28}},"36":{"start":{"line":90,"column":4},"end":{"line":96,"column":7}},"37":{"start":{"line":91,"column":19},"end":{"line":91,"column":35}},"38":{"start":{"line":92,"column":19},"end":{"line":94,"column":33}},"39":{"start":{"line":95,"column":8},"end":{"line":95,"column":41}},"40":{"start":{"line":103,"column":15},"end":{"line":103,"column":32}},"41":{"start":{"line":105,"column":4},"end":{"line":108,"column":5}},"42":{"start":{"line":107,"column":8},"end":{"line":107,"column":19}},"43":{"start":{"line":110,"column":4},"end":{"line":113,"column":5}},"44":{"start":{"line":112,"column":8},"end":{"line":112,"column":20}},"45":{"start":{"line":115,"column":4},"end":{"line":115,"column":17}},"46":{"start":{"line":119,"column":0},"end":{"line":119,"column":24}}},"fnMap":{"0":{"name":"(anonymous_0)","decl":{"start":{"line":10,"column":13},"end":{"line":10,"column":14}},"loc":{"start":{"line":10,"column":31},"end":{"line":97,"column":1}},"line":10},"1":{"name":"(anonymous_1)","decl":{"start":{"line":63,"column":23},"end":{"line":63,"column":24}},"loc":{"start":{"line":63,"column":40},"end":{"line":85,"column":5}},"line":63},"2":{"name":"(anonymous_2)","decl":{"start":{"line":90,"column":27},"end":{"line":90,"column":28}},"loc":{"start":{"line":90,"column":39},"end":{"line":96,"column":5}},"line":90},"3":{"name":"normalizePort","decl":{"start":{"line":102,"column":9},"end":{"line":102,"column":22}},"loc":{"start":{"line":102,"column":29},"end":{"line":116,"column":1}},"line":102}},"branchMap":{"0":{"loc":{"start":{"line":16,"column":29},"end":{"line":16,"column":61}},"type":"binary-expr","locations":[{"start":{"line":16,"column":29},"end":{"line":16,"column":45}},{"start":{"line":16,"column":49},"end":{"line":16,"column":61}}],"line":16},"1":{"loc":{"start":{"line":19,"column":19},"end":{"line":19,"column":49}},"type":"binary-expr","locations":[{"start":{"line":19,"column":19},"end":{"line":19,"column":39}},{"start":{"line":19,"column":43},"end":{"line":19,"column":49}}],"line":19},"2":{"loc":{"start":{"line":26,"column":4},"end":{"line":46,"column":5}},"type":"if","locations":[{"start":{"line":26,"column":4},"end":{"line":46,"column":5}},{"start":{"line":43,"column":11},"end":{"line":46,"column":5}}],"line":26},"3":{"loc":{"start":{"line":27,"column":50},"end":{"line":27,"column":85}},"type":"binary-expr","locations":[{"start":{"line":27,"column":50},"end":{"line":27,"column":80}},{"start":{"line":27,"column":84},"end":{"line":27,"column":85}}],"line":27},"4":{"loc":{"start":{"line":44,"column":49},"end":{"line":44,"column":84}},"type":"binary-expr","locations":[{"start":{"line":44,"column":49},"end":{"line":44,"column":79}},{"start":{"line":44,"column":83},"end":{"line":44,"column":84}}],"line":44},"5":{"loc":{"start":{"line":52,"column":21},"end":{"line":52,"column":71}},"type":"binary-expr","locations":[{"start":{"line":52,"column":21},"end":{"line":52,"column":61}},{"start":{"line":52,"column":65},"end":{"line":52,"column":71}}],"line":52},"6":{"loc":{"start":{"line":64,"column":8},"end":{"line":66,"column":9}},"type":"if","locations":[{"start":{"line":64,"column":8},"end":{"line":66,"column":9}},{"start":{},"end":{}}],"line":64},"7":{"loc":{"start":{"line":68,"column":19},"end":{"line":70,"column":28}},"type":"cond-expr","locations":[{"start":{"line":69,"column":14},"end":{"line":69,"column":28}},{"start":{"line":70,"column":14},"end":{"line":70,"column":28}}],"line":68},"8":{"loc":{"start":{"line":73,"column":8},"end":{"line":84,"column":9}},"type":"switch","locations":[{"start":{"line":74,"column":12},"end":{"line":77,"column":22}},{"start":{"line":78,"column":12},"end":{"line":81,"column":22}},{"start":{"line":82,"column":12},"end":{"line":83,"column":28}}],"line":73},"9":{"loc":{"start":{"line":92,"column":19},"end":{"line":94,"column":33}},"type":"cond-expr","locations":[{"start":{"line":93,"column":14},"end":{"line":93,"column":28}},{"start":{"line":94,"column":14},"end":{"line":94,"column":33}}],"line":92},"10":{"loc":{"start":{"line":105,"column":4},"end":{"line":108,"column":5}},"type":"if","locations":[{"start":{"line":105,"column":4},"end":{"line":108,"column":5}},{"start":{},"end":{}}],"line":105},"11":{"loc":{"start":{"line":110,"column":4},"end":{"line":113,"column":5}},"type":"if","locations":[{"start":{"line":110,"column":4},"end":{"line":113,"column":5}},{"start":{},"end":{}}],"line":110}},"s":{"0":1,"1":1,"2":1,"3":1,"4":1,"5":1,"6":1,"7":1,"8":0,"9":0,"10":0,"11":0,"12":0,"13":0,"14":0,"15":0,"16":0,"17":0,"18":0,"19":0,"20":0,"21":0,"22":0,"23":0,"24":0,"25":0,"26":0,"27":0,"28":0,"29":0,"30":0,"31":0,"32":0,"33":0,"34":0,"35":0,"36":0,"37":0,"38":0,"39":0,"40":0,"41":0,"42":0,"43":0,"44":0,"45":0,"46":1},"f":{"0":0,"1":0,"2":0,"3":0},"b":{"0":[0,0],"1":[0,0],"2":[0,0],"3":[0,0],"4":[0,0],"5":[0,0],"6":[0,0],"7":[0,0],"8":[0,0,0],"9":[0,0],"10":[0,0],"11":[0,0]},"_coverageSchema":"1a1c01bbd47fc00a2c39e90264f33305004495a9","hash":"dbcd07b306f31bd3c395bafc557fbbb1f24dba55"}
,"C:\\Users\\Arsany\\Desktop\\zome\\zome-energy-desk\\microservices\\core\\server\\service.js": {"path":"C:\\Users\\Arsany\\Desktop\\zome\\zome-energy-desk\\microservices\\core\\server\\service.js","statementMap":{"0":{"start":{"line":1,"column":14},"end":{"line":1,"column":32}},"1":{"start":{"line":2,"column":11},"end":{"line":2,"column":26}},"2":{"start":{"line":3,"column":19},"end":{"line":3,"column":43}},"3":{"start":{"line":4,"column":17},"end":{"line":4,"column":39}},"4":{"start":{"line":5,"column":10},"end":{"line":5,"column":40}},"5":{"start":{"line":6,"column":14},"end":{"line":6,"column":33}},"6":{"start":{"line":7,"column":13},"end":{"line":7,"column":38}},"7":{"start":{"line":8,"column":18},"end":{"line":8,"column":42}},"8":{"start":{"line":9,"column":11},"end":{"line":9,"column":26}},"9":{"start":{"line":13,"column":14},"end":{"line":45,"column":1}},"10":{"start":{"line":14,"column":4},"end":{"line":14,"column":29}},"11":{"start":{"line":15,"column":4},"end":{"line":15,"column":29}},"12":{"start":{"line":16,"column":4},"end":{"line":16,"column":87}},"13":{"start":{"line":17,"column":4},"end":{"line":17,"column":62}},"14":{"start":{"line":18,"column":4},"end":{"line":18,"column":37}},"15":{"start":{"line":20,"column":4},"end":{"line":20,"column":69}},"16":{"start":{"line":22,"column":4},"end":{"line":26,"column":7}},"17":{"start":{"line":24,"column":8},"end":{"line":24,"column":55}},"18":{"start":{"line":25,"column":8},"end":{"line":25,"column":15}},"19":{"start":{"line":28,"column":4},"end":{"line":28,"column":59}},"20":{"start":{"line":32,"column":4},"end":{"line":35,"column":7}},"21":{"start":{"line":33,"column":8},"end":{"line":33,"column":53}},"22":{"start":{"line":34,"column":8},"end":{"line":34,"column":48}},"23":{"start":{"line":39,"column":4},"end":{"line":42,"column":7}},"24":{"start":{"line":40,"column":8},"end":{"line":40,"column":23}},"25":{"start":{"line":41,"column":8},"end":{"line":41,"column":42}},"26":{"start":{"line":44,"column":4},"end":{"line":44,"column":24}},"27":{"start":{"line":48,"column":0},"end":{"line":53,"column":1}},"28":{"start":{"line":49,"column":4},"end":{"line":51,"column":5}},"29":{"start":{"line":50,"column":8},"end":{"line":50,"column":40}},"30":{"start":{"line":52,"column":4},"end":{"line":52,"column":24}}},"fnMap":{"0":{"name":"(anonymous_0)","decl":{"start":{"line":13,"column":14},"end":{"line":13,"column":15}},"loc":{"start":{"line":13,"column":33},"end":{"line":45,"column":1}},"line":13},"1":{"name":"(anonymous_1)","decl":{"start":{"line":22,"column":26},"end":{"line":22,"column":27}},"loc":{"start":{"line":22,"column":52},"end":{"line":26,"column":5}},"line":22},"2":{"name":"(anonymous_2)","decl":{"start":{"line":32,"column":21},"end":{"line":32,"column":22}},"loc":{"start":{"line":32,"column":47},"end":{"line":35,"column":5}},"line":32},"3":{"name":"(anonymous_3)","decl":{"start":{"line":39,"column":21},"end":{"line":39,"column":22}},"loc":{"start":{"line":39,"column":52},"end":{"line":42,"column":5}},"line":39},"4":{"name":"(anonymous_4)","decl":{"start":{"line":48,"column":14},"end":{"line":48,"column":15}},"loc":{"start":{"line":48,"column":33},"end":{"line":53,"column":1}},"line":48}},"branchMap":{"0":{"loc":{"start":{"line":49,"column":4},"end":{"line":51,"column":5}},"type":"if","locations":[{"start":{"line":49,"column":4},"end":{"line":51,"column":5}},{"start":{},"end":{}}],"line":49}},"s":{"0":1,"1":1,"2":1,"3":1,"4":1,"5":1,"6":1,"7":1,"8":1,"9":1,"10":0,"11":0,"12":0,"13":0,"14":0,"15":0,"16":0,"17":0,"18":0,"19":0,"20":0,"21":0,"22":0,"23":0,"24":0,"25":0,"26":0,"27":1,"28":0,"29":0,"30":0},"f":{"0":0,"1":0,"2":0,"3":0,"4":0},"b":{"0":[0,0]},"_coverageSchema":"1a1c01bbd47fc00a2c39e90264f33305004495a9","hash":"696cea8583b83f23b80a77dbbf76b1f6f36b6285"}
,"C:\\Users\\Arsany\\Desktop\\zome\\zome-energy-desk\\microservices\\mongo-dbmanager\\index.js": {"path":"C:\\Users\\Arsany\\Desktop\\zome\\zome-energy-desk\\microservices\\mongo-dbmanager\\index.js","statementMap":{"0":{"start":{"line":1,"column":0},"end":{"line":1,"column":82}},"1":{"start":{"line":2,"column":0},"end":{"line":2,"column":73}},"2":{"start":{"line":3,"column":0},"end":{"line":3,"column":78}},"3":{"start":{"line":4,"column":0},"end":{"line":4,"column":52}},"4":{"start":{"line":5,"column":0},"end":{"line":5,"column":56}},"5":{"start":{"line":6,"column":0},"end":{"line":6,"column":54}},"6":{"start":{"line":7,"column":0},"end":{"line":7,"column":64}},"7":{"start":{"line":8,"column":0},"end":{"line":8,"column":58}},"8":{"start":{"line":9,"column":0},"end":{"line":9,"column":53}},"9":{"start":{"line":10,"column":0},"end":{"line":10,"column":60}},"10":{"start":{"line":11,"column":0},"end":{"line":11,"column":60}},"11":{"start":{"line":12,"column":0},"end":{"line":12,"column":64}},"12":{"start":{"line":13,"column":0},"end":{"line":13,"column":60}},"13":{"start":{"line":14,"column":0},"end":{"line":14,"column":56}},"14":{"start":{"line":15,"column":0},"end":{"line":15,"column":54}},"15":{"start":{"line":16,"column":0},"end":{"line":16,"column":64}},"16":{"start":{"line":17,"column":0},"end":{"line":17,"column":58}},"17":{"start":{"line":18,"column":0},"end":{"line":18,"column":74}},"18":{"start":{"line":19,"column":0},"end":{"line":19,"column":62}}},"fnMap":{},"branchMap":{},"s":{"0":1,"1":1,"2":1,"3":1,"4":1,"5":1,"6":1,"7":1,"8":1,"9":1,"10":1,"11":1,"12":1,"13":1,"14":1,"15":1,"16":1,"17":1,"18":1},"f":{},"b":{},"_coverageSchema":"1a1c01bbd47fc00a2c39e90264f33305004495a9","hash":"590d90d9771e78073794d5fdf76b528765a55206"}
,"C:\\Users\\Arsany\\Desktop\\zome\\zome-energy-desk\\microservices\\mongo-dbmanager\\schema\\apartment.js": {"path":"C:\\Users\\Arsany\\Desktop\\zome\\zome-energy-desk\\microservices\\mongo-dbmanager\\schema\\apartment.js","statementMap":{"0":{"start":{"line":1,"column":15},"end":{"line":1,"column":46}},"1":{"start":{"line":2,"column":15},"end":{"line":2,"column":30}},"2":{"start":{"line":4,"column":22},"end":{"line":28,"column":25}},"3":{"start":{"line":30,"column":0},"end":{"line":30,"column":87}}},"fnMap":{},"branchMap":{},"s":{"0":1,"1":1,"2":1,"3":1},"f":{},"b":{},"_coverageSchema":"1a1c01bbd47fc00a2c39e90264f33305004495a9","hash":"e2bcd4a669fc2c3c6c96194eaa6926176b5d6e3b"}
,"C:\\Users\\Arsany\\Desktop\\zome\\zome-energy-desk\\microservices\\mongo-dbmanager\\schema\\asyncAudit.js": {"path":"C:\\Users\\Arsany\\Desktop\\zome\\zome-energy-desk\\microservices\\mongo-dbmanager\\schema\\asyncAudit.js","statementMap":{"0":{"start":{"line":1,"column":15},"end":{"line":1,"column":46}},"1":{"start":{"line":2,"column":15},"end":{"line":2,"column":30}},"2":{"start":{"line":4,"column":25},"end":{"line":18,"column":24}},"3":{"start":{"line":20,"column":0},"end":{"line":20,"column":92}}},"fnMap":{},"branchMap":{},"s":{"0":1,"1":1,"2":1,"3":1},"f":{},"b":{},"_coverageSchema":"1a1c01bbd47fc00a2c39e90264f33305004495a9","hash":"231a947e8355f8c2667af08cbc26221109380d5e"}
,"C:\\Users\\Arsany\\Desktop\\zome\\zome-energy-desk\\microservices\\mongo-dbmanager\\schema\\audit.js": {"path":"C:\\Users\\Arsany\\Desktop\\zome\\zome-energy-desk\\microservices\\mongo-dbmanager\\schema\\audit.js","statementMap":{"0":{"start":{"line":1,"column":15},"end":{"line":1,"column":46}},"1":{"start":{"line":2,"column":15},"end":{"line":2,"column":30}},"2":{"start":{"line":4,"column":20},"end":{"line":48,"column":24}},"3":{"start":{"line":50,"column":0},"end":{"line":50,"column":72}}},"fnMap":{},"branchMap":{},"s":{"0":1,"1":1,"2":1,"3":1},"f":{},"b":{},"_coverageSchema":"1a1c01bbd47fc00a2c39e90264f33305004495a9","hash":"cc293107ed1b0c8be11563b30e5036bf13d86616"}
,"C:\\Users\\Arsany\\Desktop\\zome\\zome-energy-desk\\microservices\\mongo-dbmanager\\schema\\building.js": {"path":"C:\\Users\\Arsany\\Desktop\\zome\\zome-energy-desk\\microservices\\mongo-dbmanager\\schema\\building.js","statementMap":{"0":{"start":{"line":1,"column":15},"end":{"line":1,"column":46}},"1":{"start":{"line":2,"column":15},"end":{"line":2,"column":30}},"2":{"start":{"line":4,"column":21},"end":{"line":35,"column":25}},"3":{"start":{"line":37,"column":0},"end":{"line":37,"column":82}}},"fnMap":{},"branchMap":{},"s":{"0":1,"1":1,"2":1,"3":1},"f":{},"b":{},"_coverageSchema":"1a1c01bbd47fc00a2c39e90264f33305004495a9","hash":"96f26da749507eee67e156b34c30d3c275e383f3"}
,"C:\\Users\\Arsany\\Desktop\\zome\\zome-energy-desk\\microservices\\mongo-dbmanager\\schema\\commandTemplate.js": {"path":"C:\\Users\\Arsany\\Desktop\\zome\\zome-energy-desk\\microservices\\mongo-dbmanager\\schema\\commandTemplate.js","statementMap":{"0":{"start":{"line":1,"column":15},"end":{"line":1,"column":46}},"1":{"start":{"line":2,"column":15},"end":{"line":2,"column":30}},"2":{"start":{"line":4,"column":30},"end":{"line":25,"column":42}},"3":{"start":{"line":27,"column":0},"end":{"line":27,"column":111}}},"fnMap":{},"branchMap":{},"s":{"0":1,"1":1,"2":1,"3":1},"f":{},"b":{},"_coverageSchema":"1a1c01bbd47fc00a2c39e90264f33305004495a9","hash":"53090f109143c07185ee780d84b8f7c25c327538"}
,"C:\\Users\\Arsany\\Desktop\\zome\\zome-energy-desk\\microservices\\mongo-dbmanager\\schema\\config.js": {"path":"C:\\Users\\Arsany\\Desktop\\zome\\zome-energy-desk\\microservices\\mongo-dbmanager\\schema\\config.js","statementMap":{"0":{"start":{"line":1,"column":15},"end":{"line":1,"column":46}},"1":{"start":{"line":2,"column":15},"end":{"line":2,"column":30}},"2":{"start":{"line":4,"column":19},"end":{"line":18,"column":42}},"3":{"start":{"line":20,"column":0},"end":{"line":20,"column":75}}},"fnMap":{},"branchMap":{},"s":{"0":1,"1":1,"2":1,"3":1},"f":{},"b":{},"_coverageSchema":"1a1c01bbd47fc00a2c39e90264f33305004495a9","hash":"c128a0563f0f153e23b99db03a815c9cd390444d"}
,"C:\\Users\\Arsany\\Desktop\\zome\\zome-energy-desk\\microservices\\mongo-dbmanager\\schema\\cpowerEventDetail.js": {"path":"C:\\Users\\Arsany\\Desktop\\zome\\zome-energy-desk\\microservices\\mongo-dbmanager\\schema\\cpowerEventDetail.js","statementMap":{"0":{"start":{"line":1,"column":15},"end":{"line":1,"column":46}},"1":{"start":{"line":2,"column":15},"end":{"line":2,"column":30}},"2":{"start":{"line":5,"column":32},"end":{"line":108,"column":25}},"3":{"start":{"line":110,"column":0},"end":{"line":110,"column":80}}},"fnMap":{},"branchMap":{},"s":{"0":1,"1":1,"2":1,"3":1},"f":{},"b":{},"_coverageSchema":"1a1c01bbd47fc00a2c39e90264f33305004495a9","hash":"39c875ea9b4e035c984f36d4403921aaa86eb19d"}
,"C:\\Users\\Arsany\\Desktop\\zome\\zome-energy-desk\\microservices\\mongo-dbmanager\\schema\\cpowerMock.js": {"path":"C:\\Users\\Arsany\\Desktop\\zome\\zome-energy-desk\\microservices\\mongo-dbmanager\\schema\\cpowerMock.js","statementMap":{"0":{"start":{"line":1,"column":15},"end":{"line":1,"column":46}},"1":{"start":{"line":2,"column":15},"end":{"line":2,"column":30}},"2":{"start":{"line":4,"column":23},"end":{"line":20,"column":25}},"3":{"start":{"line":22,"column":0},"end":{"line":22,"column":91}}},"fnMap":{},"branchMap":{},"s":{"0":1,"1":1,"2":1,"3":1},"f":{},"b":{},"_coverageSchema":"1a1c01bbd47fc00a2c39e90264f33305004495a9","hash":"1c7017a92533875d24009edcfa7a089b2b852835"}
,"C:\\Users\\Arsany\\Desktop\\zome\\zome-energy-desk\\microservices\\mongo-dbmanager\\schema\\device.js": {"path":"C:\\Users\\Arsany\\Desktop\\zome\\zome-energy-desk\\microservices\\mongo-dbmanager\\schema\\device.js","statementMap":{"0":{"start":{"line":1,"column":15},"end":{"line":1,"column":46}},"1":{"start":{"line":2,"column":15},"end":{"line":2,"column":30}},"2":{"start":{"line":5,"column":19},"end":{"line":70,"column":24}},"3":{"start":{"line":84,"column":0},"end":{"line":96,"column":1}},"4":{"start":{"line":85,"column":4},"end":{"line":85,"column":53}},"5":{"start":{"line":86,"column":4},"end":{"line":86,"column":49}},"6":{"start":{"line":87,"column":4},"end":{"line":87,"column":53}},"7":{"start":{"line":88,"column":4},"end":{"line":88,"column":57}},"8":{"start":{"line":89,"column":4},"end":{"line":89,"column":53}},"9":{"start":{"line":90,"column":4},"end":{"line":90,"column":57}},"10":{"start":{"line":91,"column":4},"end":{"line":91,"column":65}},"11":{"start":{"line":92,"column":4},"end":{"line":92,"column":33}},"12":{"start":{"line":95,"column":4},"end":{"line":95,"column":23}},"13":{"start":{"line":99,"column":0},"end":{"line":99,"column":57}}},"fnMap":{"0":{"name":"(anonymous_0)","decl":{"start":{"line":84,"column":36},"end":{"line":84,"column":37}},"loc":{"start":{"line":84,"column":49},"end":{"line":96,"column":1}},"line":84}},"branchMap":{},"s":{"0":1,"1":1,"2":1,"3":1,"4":0,"5":0,"6":0,"7":0,"8":0,"9":0,"10":0,"11":0,"12":0,"13":1},"f":{"0":0},"b":{},"_coverageSchema":"1a1c01bbd47fc00a2c39e90264f33305004495a9","hash":"a39cffdfca9fed50e64ce90b3da48d867964e7ba"}
,"C:\\Users\\Arsany\\Desktop\\zome\\zome-energy-desk\\microservices\\mongo-dbmanager\\schema\\dispatchEventDetail.js": {"path":"C:\\Users\\Arsany\\Desktop\\zome\\zome-energy-desk\\microservices\\mongo-dbmanager\\schema\\dispatchEventDetail.js","statementMap":{"0":{"start":{"line":1,"column":15},"end":{"line":1,"column":46}},"1":{"start":{"line":2,"column":15},"end":{"line":2,"column":30}},"2":{"start":{"line":5,"column":26},"end":{"line":118,"column":24}},"3":{"start":{"line":120,"column":0},"end":{"line":120,"column":76}}},"fnMap":{},"branchMap":{},"s":{"0":1,"1":1,"2":1,"3":1},"f":{},"b":{},"_coverageSchema":"1a1c01bbd47fc00a2c39e90264f33305004495a9","hash":"8ca4b97b6df2f76b6dd82f72e191b827b904976e"}
,"C:\\Users\\Arsany\\Desktop\\zome\\zome-energy-desk\\microservices\\mongo-dbmanager\\schema\\dispatchEventLogs.js": {"path":"C:\\Users\\Arsany\\Desktop\\zome\\zome-energy-desk\\microservices\\mongo-dbmanager\\schema\\dispatchEventLogs.js","statementMap":{"0":{"start":{"line":1,"column":15},"end":{"line":1,"column":46}},"1":{"start":{"line":2,"column":15},"end":{"line":2,"column":30}},"2":{"start":{"line":5,"column":30},"end":{"line":73,"column":24}},"3":{"start":{"line":75,"column":0},"end":{"line":75,"column":78}}},"fnMap":{},"branchMap":{},"s":{"0":1,"1":1,"2":1,"3":1},"f":{},"b":{},"_coverageSchema":"1a1c01bbd47fc00a2c39e90264f33305004495a9","hash":"ee7aa6b5b894e3eaecc2a1174b368de9fa320cea"}
,"C:\\Users\\Arsany\\Desktop\\zome\\zome-energy-desk\\microservices\\mongo-dbmanager\\schema\\feedback.js": {"path":"C:\\Users\\Arsany\\Desktop\\zome\\zome-energy-desk\\microservices\\mongo-dbmanager\\schema\\feedback.js","statementMap":{"0":{"start":{"line":1,"column":15},"end":{"line":1,"column":46}},"1":{"start":{"line":2,"column":15},"end":{"line":2,"column":30}},"2":{"start":{"line":4,"column":23},"end":{"line":37,"column":24}},"3":{"start":{"line":39,"column":0},"end":{"line":39,"column":84}}},"fnMap":{},"branchMap":{},"s":{"0":1,"1":1,"2":1,"3":1},"f":{},"b":{},"_coverageSchema":"1a1c01bbd47fc00a2c39e90264f33305004495a9","hash":"9bfe3345642da6b89db51bf8d70e3a204205e325"}
,"C:\\Users\\Arsany\\Desktop\\zome\\zome-energy-desk\\microservices\\mongo-dbmanager\\schema\\gateway.js": {"path":"C:\\Users\\Arsany\\Desktop\\zome\\zome-energy-desk\\microservices\\mongo-dbmanager\\schema\\gateway.js","statementMap":{"0":{"start":{"line":1,"column":15},"end":{"line":1,"column":46}},"1":{"start":{"line":2,"column":15},"end":{"line":2,"column":30}},"2":{"start":{"line":4,"column":20},"end":{"line":40,"column":25}},"3":{"start":{"line":42,"column":0},"end":{"line":42,"column":79}}},"fnMap":{},"branchMap":{},"s":{"0":1,"1":1,"2":1,"3":1},"f":{},"b":{},"_coverageSchema":"1a1c01bbd47fc00a2c39e90264f33305004495a9","hash":"366c61c9128658e2f969e2ad4cfac96a6dc60f10"}
,"C:\\Users\\Arsany\\Desktop\\zome\\zome-energy-desk\\microservices\\mongo-dbmanager\\schema\\historyLog.js": {"path":"C:\\Users\\Arsany\\Desktop\\zome\\zome-energy-desk\\microservices\\mongo-dbmanager\\schema\\historyLog.js","statementMap":{"0":{"start":{"line":1,"column":15},"end":{"line":1,"column":46}},"1":{"start":{"line":2,"column":15},"end":{"line":2,"column":30}},"2":{"start":{"line":4,"column":25},"end":{"line":45,"column":24}},"3":{"start":{"line":47,"column":0},"end":{"line":47,"column":64}}},"fnMap":{},"branchMap":{},"s":{"0":1,"1":1,"2":1,"3":1},"f":{},"b":{},"_coverageSchema":"1a1c01bbd47fc00a2c39e90264f33305004495a9","hash":"b4ee6af25e16eee811a89396d074f4c2f0a1c397"}
,"C:\\Users\\Arsany\\Desktop\\zome\\zome-energy-desk\\microservices\\mongo-dbmanager\\schema\\ircFeed.js": {"path":"C:\\Users\\Arsany\\Desktop\\zome\\zome-energy-desk\\microservices\\mongo-dbmanager\\schema\\ircFeed.js","statementMap":{"0":{"start":{"line":1,"column":15},"end":{"line":1,"column":46}},"1":{"start":{"line":2,"column":15},"end":{"line":2,"column":30}},"2":{"start":{"line":4,"column":22},"end":{"line":27,"column":42}},"3":{"start":{"line":29,"column":0},"end":{"line":29,"column":79}}},"fnMap":{},"branchMap":{},"s":{"0":1,"1":1,"2":1,"3":1},"f":{},"b":{},"_coverageSchema":"1a1c01bbd47fc00a2c39e90264f33305004495a9","hash":"2bfb6e820d0204731d8b31a910f04aaf3cf492d7"}
,"C:\\Users\\Arsany\\Desktop\\zome\\zome-energy-desk\\microservices\\mongo-dbmanager\\schema\\property.js": {"path":"C:\\Users\\Arsany\\Desktop\\zome\\zome-energy-desk\\microservices\\mongo-dbmanager\\schema\\property.js","statementMap":{"0":{"start":{"line":1,"column":15},"end":{"line":1,"column":46}},"1":{"start":{"line":2,"column":15},"end":{"line":2,"column":30}},"2":{"start":{"line":4,"column":21},"end":{"line":50,"column":25}},"3":{"start":{"line":52,"column":0},"end":{"line":52,"column":82}}},"fnMap":{},"branchMap":{},"s":{"0":1,"1":1,"2":1,"3":1},"f":{},"b":{},"_coverageSchema":"1a1c01bbd47fc00a2c39e90264f33305004495a9","hash":"ccda920557d82532c04eae39bd76fc2b92c166bb"}
,"C:\\Users\\Arsany\\Desktop\\zome\\zome-energy-desk\\microservices\\mongo-dbmanager\\schema\\queue.js": {"path":"C:\\Users\\Arsany\\Desktop\\zome\\zome-energy-desk\\microservices\\mongo-dbmanager\\schema\\queue.js","statementMap":{"0":{"start":{"line":1,"column":15},"end":{"line":1,"column":46}},"1":{"start":{"line":2,"column":15},"end":{"line":2,"column":30}},"2":{"start":{"line":4,"column":20},"end":{"line":21,"column":25}},"3":{"start":{"line":23,"column":0},"end":{"line":23,"column":72}}},"fnMap":{},"branchMap":{},"s":{"0":1,"1":1,"2":1,"3":1},"f":{},"b":{},"_coverageSchema":"1a1c01bbd47fc00a2c39e90264f33305004495a9","hash":"96c599ab9b7f6b35de18bd41e4275f2de20eedc4"}
,"C:\\Users\\Arsany\\Desktop\\zome\\zome-energy-desk\\microservices\\mongo-dbmanager\\schema\\roles.js": {"path":"C:\\Users\\Arsany\\Desktop\\zome\\zome-energy-desk\\microservices\\mongo-dbmanager\\schema\\roles.js","statementMap":{"0":{"start":{"line":1,"column":15},"end":{"line":1,"column":46}},"1":{"start":{"line":2,"column":15},"end":{"line":2,"column":30}},"2":{"start":{"line":4,"column":17},"end":{"line":17,"column":24}},"3":{"start":{"line":19,"column":0},"end":{"line":19,"column":68}}},"fnMap":{},"branchMap":{},"s":{"0":1,"1":1,"2":1,"3":1},"f":{},"b":{},"_coverageSchema":"1a1c01bbd47fc00a2c39e90264f33305004495a9","hash":"4ae25c08ae4c50d31d62cea47f561a2cf94e2aa8"}
,"C:\\Users\\Arsany\\Desktop\\zome\\zome-energy-desk\\microservices\\mongo-dbmanager\\schema\\user.js": {"path":"C:\\Users\\Arsany\\Desktop\\zome\\zome-energy-desk\\microservices\\mongo-dbmanager\\schema\\user.js","statementMap":{"0":{"start":{"line":1,"column":15},"end":{"line":1,"column":46}},"1":{"start":{"line":2,"column":15},"end":{"line":2,"column":30}},"2":{"start":{"line":4,"column":17},"end":{"line":88,"column":25}},"3":{"start":{"line":91,"column":0},"end":{"line":91,"column":68}}},"fnMap":{},"branchMap":{},"s":{"0":1,"1":1,"2":1,"3":1},"f":{},"b":{},"_coverageSchema":"1a1c01bbd47fc00a2c39e90264f33305004495a9","hash":"03621a22e81a52e8dba73d0f2ada2b842f89e1ca"}
}
