TN:
SF:microservices\api-gateway\controllers\dispatch.controller.js
FN:37,(anonymous_0)
FN:54,(anonymous_1)
FN:72,(anonymous_2)
FN:79,(anonymous_3)
FN:80,(anonymous_4)
FN:100,(anonymous_5)
FN:114,(anonymous_6)
FN:122,(anonymous_7)
FNF:8
FNH:1
FNDA:0,(anonymous_0)
FNDA:0,(anonymous_1)
FNDA:0,(anonymous_2)
FNDA:0,(anonymous_3)
FNDA:0,(anonymous_4)
FNDA:0,(anonymous_5)
FNDA:1,(anonymous_6)
FNDA:0,(anonymous_7)
DA:1,1
DA:2,1
DA:3,1
DA:4,1
DA:5,1
DA:6,1
DA:7,1
DA:8,1
DA:9,1
DA:10,1
DA:11,1
DA:12,1
DA:37,1
DA:38,0
DA:40,0
DA:41,0
DA:43,0
DA:44,0
DA:45,0
DA:51,0
DA:64,0
DA:66,0
DA:68,0
DA:72,1
DA:73,0
DA:74,0
DA:75,0
DA:77,0
DA:78,0
DA:79,0
DA:80,0
DA:82,0
DA:83,0
DA:87,0
DA:94,0
DA:95,0
DA:100,0
DA:101,0
DA:104,0
DA:105,0
DA:107,0
DA:108,0
DA:109,0
DA:110,0
DA:114,1
DA:115,1
DA:116,1
DA:117,1
DA:122,1
DA:123,0
DA:126,1
DA:127,1
DA:129,0
DA:130,0
DA:131,0
DA:132,0
DA:136,1
LF:57
LH:22
BRDA:8,0,0,1
BRDA:8,0,1,1
BRDA:9,1,0,1
BRDA:9,1,1,1
BRDA:78,2,0,0
BRDA:78,2,1,0
BRDA:82,3,0,0
BRDA:82,3,1,0
BRF:8
BRH:4
end_of_record
TN:
SF:microservices\core\config\index.js
FNF:0
FNH:0
DA:1,1
DA:2,1
LF:2
LH:2
BRF:0
BRH:0
end_of_record
TN:
SF:microservices\core\config\irc.config.js
FNF:0
FNH:0
DA:1,1
LF:1
LH:1
BRDA:2,0,0,1
BRDA:2,0,1,1
BRDA:3,1,0,1
BRDA:3,1,1,1
BRDA:4,2,0,1
BRDA:4,2,1,1
BRF:6
BRH:6
end_of_record
TN:
SF:microservices\core\config\microservices.config.js
FNF:0
FNH:0
DA:2,1
DA:4,1
LF:2
LH:2
BRDA:2,0,0,1
BRDA:2,0,1,1
BRF:2
BRH:2
end_of_record
TN:
SF:microservices\core\lib\error.lib.js
FNF:0
FNH:0
DA:1,2
LF:1
LH:1
BRF:0
BRH:0
end_of_record
TN:
SF:microservices\core\lib\index.js
FNF:0
FNH:0
DA:1,2
DA:2,2
DA:3,2
DA:4,2
LF:4
LH:4
BRF:0
BRH:0
end_of_record
TN:
SF:microservices\core\lib\logger.lib.js
FN:19,reqSerializer
FN:28,logStreams
FNF:2
FNH:1
FNDA:0,reqSerializer
FNDA:2,logStreams
DA:1,2
DA:2,2
DA:3,2
DA:4,2
DA:5,2
DA:8,2
DA:9,2
DA:10,2
DA:11,2
DA:13,2
DA:20,0
DA:21,0
DA:29,2
DA:30,2
DA:63,2
DA:65,0
DA:147,0
DA:151,2
LF:18
LH:14
BRDA:10,0,0,2
BRDA:10,0,1,2
BRDA:11,1,0,2
BRDA:11,1,1,2
BRDA:20,2,0,0
BRDA:20,2,1,0
BRDA:29,3,0,2
BRDA:29,3,1,0
BRF:8
BRH:5
end_of_record
TN:
SF:microservices\core\lib\resp.lib.js
FN:5,(anonymous_0)
FN:16,(anonymous_1)
FN:26,(anonymous_2)
FNF:3
FNH:0
FNDA:0,(anonymous_0)
FNDA:0,(anonymous_1)
FNDA:0,(anonymous_2)
DA:1,2
DA:2,2
DA:5,2
DA:6,0
DA:7,0
DA:16,2
DA:17,0
DA:26,2
DA:28,0
DA:30,0
DA:31,0
DA:33,0
DA:34,0
DA:36,0
DA:41,0
DA:42,0
DA:43,0
DA:46,0
DA:48,0
DA:49,0
DA:50,0
DA:52,0
DA:56,0
DA:58,0
DA:59,0
DA:60,0
DA:62,0
DA:66,0
DA:67,0
DA:69,0
LF:30
LH:5
BRDA:6,0,0,0
BRDA:6,0,1,0
BRDA:12,1,0,0
BRDA:12,1,1,0
BRDA:12,1,2,0
BRDA:28,2,0,0
BRDA:28,2,1,0
BRDA:31,3,0,0
BRDA:31,3,1,0
BRDA:42,4,0,0
BRDA:42,4,1,0
BRDA:46,5,0,0
BRDA:46,5,1,0
BRDA:49,6,0,0
BRDA:49,6,1,0
BRDA:56,7,0,0
BRDA:56,7,1,0
BRDA:56,8,0,0
BRDA:56,8,1,0
BRDA:59,9,0,0
BRDA:59,9,1,0
BRDA:66,10,0,0
BRDA:66,10,1,0
BRF:23
BRH:0
end_of_record
TN:
SF:microservices\core\lib\rest.lib.js
FN:5,(anonymous_0)
FN:40,(anonymous_1)
FNF:2
FNH:1
FNDA:1,(anonymous_0)
FNDA:0,(anonymous_1)
DA:1,2
DA:2,2
DA:3,2
DA:5,2
DA:7,1
DA:8,1
DA:9,1
DA:10,0
DA:13,1
DA:14,0
DA:17,1
DA:18,1
DA:23,1
DA:24,1
DA:26,1
DA:27,0
DA:30,1
DA:31,1
DA:36,1
DA:37,1
DA:38,1
DA:40,1
DA:42,0
DA:43,0
DA:51,0
DA:60,0
DA:61,0
DA:62,0
DA:63,0
DA:65,0
DA:66,0
DA:70,0
DA:71,0
LF:33
LH:19
BRDA:9,0,0,0
BRDA:9,0,1,1
BRDA:13,1,0,0
BRDA:13,1,1,1
BRDA:17,2,0,1
BRDA:17,2,1,0
BRDA:23,3,0,1
BRDA:23,3,1,0
BRDA:24,4,0,1
BRDA:24,4,1,1
BRDA:26,5,0,0
BRDA:26,5,1,1
BRDA:30,6,0,1
BRDA:30,6,1,0
BRDA:42,7,0,0
BRDA:42,7,1,0
BRDA:60,8,0,0
BRDA:60,8,1,0
BRDA:62,9,0,0
BRDA:62,9,1,0
BRDA:65,10,0,0
BRDA:65,10,1,0
BRF:22
BRH:8
end_of_record
TN:
SF:microservices\core\server\connection.js
FN:7,(anonymous_0)
FN:12,(anonymous_1)
FN:16,(anonymous_2)
FNF:3
FNH:2
FNDA:1,(anonymous_0)
FNDA:1,(anonymous_1)
FNDA:0,(anonymous_2)
DA:1,2
DA:2,2
DA:5,2
DA:7,2
DA:8,1
DA:14,1
DA:17,0
DA:21,2
LF:8
LH:7
BRF:0
BRH:0
end_of_record
TN:
SF:microservices\core\server\index.js
FNF:0
FNH:0
DA:1,1
DA:2,1
DA:3,1
DA:4,1
DA:5,1
DA:6,1
DA:7,1
DA:9,1
DA:10,1
LF:9
LH:9
BRF:0
BRH:0
end_of_record
TN:
SF:microservices\core\server\server.js
FN:10,(anonymous_0)
FN:63,(anonymous_1)
FN:90,(anonymous_2)
FN:102,normalizePort
FNF:4
FNH:0
FNDA:0,(anonymous_0)
FNDA:0,(anonymous_1)
FNDA:0,(anonymous_2)
FNDA:0,normalizePort
DA:1,1
DA:2,1
DA:3,1
DA:4,1
DA:5,1
DA:6,1
DA:7,1
DA:10,1
DA:15,0
DA:16,0
DA:17,0
DA:19,0
DA:20,0
DA:26,0
DA:27,0
DA:29,0
DA:30,0
DA:32,0
DA:34,0
DA:42,0
DA:44,0
DA:45,0
DA:52,0
DA:58,0
DA:63,0
DA:64,0
DA:65,0
DA:68,0
DA:73,0
DA:75,0
DA:76,0
DA:77,0
DA:79,0
DA:80,0
DA:81,0
DA:83,0
DA:90,0
DA:91,0
DA:92,0
DA:95,0
DA:103,0
DA:105,0
DA:107,0
DA:110,0
DA:112,0
DA:115,0
DA:119,1
LF:47
LH:9
BRDA:16,0,0,0
BRDA:16,0,1,0
BRDA:19,1,0,0
BRDA:19,1,1,0
BRDA:26,2,0,0
BRDA:26,2,1,0
BRDA:27,3,0,0
BRDA:27,3,1,0
BRDA:44,4,0,0
BRDA:44,4,1,0
BRDA:52,5,0,0
BRDA:52,5,1,0
BRDA:64,6,0,0
BRDA:64,6,1,0
BRDA:68,7,0,0
BRDA:68,7,1,0
BRDA:73,8,0,0
BRDA:73,8,1,0
BRDA:73,8,2,0
BRDA:92,9,0,0
BRDA:92,9,1,0
BRDA:105,10,0,0
BRDA:105,10,1,0
BRDA:110,11,0,0
BRDA:110,11,1,0
BRF:25
BRH:0
end_of_record
TN:
SF:microservices\core\server\service.js
FN:13,(anonymous_0)
FN:22,(anonymous_1)
FN:32,(anonymous_2)
FN:39,(anonymous_3)
FN:48,(anonymous_4)
FNF:5
FNH:0
FNDA:0,(anonymous_0)
FNDA:0,(anonymous_1)
FNDA:0,(anonymous_2)
FNDA:0,(anonymous_3)
FNDA:0,(anonymous_4)
DA:1,1
DA:2,1
DA:3,1
DA:4,1
DA:5,1
DA:6,1
DA:7,1
DA:8,1
DA:9,1
DA:13,1
DA:14,0
DA:15,0
DA:16,0
DA:17,0
DA:18,0
DA:20,0
DA:22,0
DA:24,0
DA:25,0
DA:28,0
DA:32,0
DA:33,0
DA:34,0
DA:39,0
DA:40,0
DA:41,0
DA:44,0
DA:48,1
DA:49,0
DA:50,0
DA:52,0
LF:31
LH:11
BRDA:49,0,0,0
BRDA:49,0,1,0
BRF:2
BRH:0
end_of_record
TN:
SF:microservices\mongo-dbmanager\index.js
FNF:0
FNH:0
DA:1,1
DA:2,1
DA:3,1
DA:4,1
DA:5,1
DA:6,1
DA:7,1
DA:8,1
DA:9,1
DA:10,1
DA:11,1
DA:12,1
DA:13,1
DA:14,1
DA:15,1
DA:16,1
DA:17,1
DA:18,1
DA:19,1
LF:19
LH:19
BRF:0
BRH:0
end_of_record
TN:
SF:microservices\mongo-dbmanager\schema\apartment.js
FNF:0
FNH:0
DA:1,1
DA:2,1
DA:4,1
DA:30,1
LF:4
LH:4
BRF:0
BRH:0
end_of_record
TN:
SF:microservices\mongo-dbmanager\schema\asyncAudit.js
FNF:0
FNH:0
DA:1,1
DA:2,1
DA:4,1
DA:20,1
LF:4
LH:4
BRF:0
BRH:0
end_of_record
TN:
SF:microservices\mongo-dbmanager\schema\audit.js
FNF:0
FNH:0
DA:1,1
DA:2,1
DA:4,1
DA:50,1
LF:4
LH:4
BRF:0
BRH:0
end_of_record
TN:
SF:microservices\mongo-dbmanager\schema\building.js
FNF:0
FNH:0
DA:1,1
DA:2,1
DA:4,1
DA:37,1
LF:4
LH:4
BRF:0
BRH:0
end_of_record
TN:
SF:microservices\mongo-dbmanager\schema\commandTemplate.js
FNF:0
FNH:0
DA:1,1
DA:2,1
DA:4,1
DA:27,1
LF:4
LH:4
BRF:0
BRH:0
end_of_record
TN:
SF:microservices\mongo-dbmanager\schema\config.js
FNF:0
FNH:0
DA:1,1
DA:2,1
DA:4,1
DA:20,1
LF:4
LH:4
BRF:0
BRH:0
end_of_record
TN:
SF:microservices\mongo-dbmanager\schema\cpowerEventDetail.js
FNF:0
FNH:0
DA:1,1
DA:2,1
DA:5,1
DA:110,1
LF:4
LH:4
BRF:0
BRH:0
end_of_record
TN:
SF:microservices\mongo-dbmanager\schema\cpowerMock.js
FNF:0
FNH:0
DA:1,1
DA:2,1
DA:4,1
DA:22,1
LF:4
LH:4
BRF:0
BRH:0
end_of_record
TN:
SF:microservices\mongo-dbmanager\schema\device.js
FN:84,(anonymous_0)
FNF:1
FNH:0
FNDA:0,(anonymous_0)
DA:1,1
DA:2,1
DA:5,1
DA:84,1
DA:85,0
DA:86,0
DA:87,0
DA:88,0
DA:89,0
DA:90,0
DA:91,0
DA:92,0
DA:95,0
DA:99,1
LF:14
LH:5
BRF:0
BRH:0
end_of_record
TN:
SF:microservices\mongo-dbmanager\schema\dispatchEventDetail.js
FNF:0
FNH:0
DA:1,1
DA:2,1
DA:5,1
DA:120,1
LF:4
LH:4
BRF:0
BRH:0
end_of_record
TN:
SF:microservices\mongo-dbmanager\schema\dispatchEventLogs.js
FNF:0
FNH:0
DA:1,1
DA:2,1
DA:5,1
DA:75,1
LF:4
LH:4
BRF:0
BRH:0
end_of_record
TN:
SF:microservices\mongo-dbmanager\schema\feedback.js
FNF:0
FNH:0
DA:1,1
DA:2,1
DA:4,1
DA:39,1
LF:4
LH:4
BRF:0
BRH:0
end_of_record
TN:
SF:microservices\mongo-dbmanager\schema\gateway.js
FNF:0
FNH:0
DA:1,1
DA:2,1
DA:4,1
DA:42,1
LF:4
LH:4
BRF:0
BRH:0
end_of_record
TN:
SF:microservices\mongo-dbmanager\schema\historyLog.js
FNF:0
FNH:0
DA:1,1
DA:2,1
DA:4,1
DA:47,1
LF:4
LH:4
BRF:0
BRH:0
end_of_record
TN:
SF:microservices\mongo-dbmanager\schema\ircFeed.js
FNF:0
FNH:0
DA:1,1
DA:2,1
DA:4,1
DA:29,1
LF:4
LH:4
BRF:0
BRH:0
end_of_record
TN:
SF:microservices\mongo-dbmanager\schema\property.js
FNF:0
FNH:0
DA:1,1
DA:2,1
DA:4,1
DA:52,1
LF:4
LH:4
BRF:0
BRH:0
end_of_record
TN:
SF:microservices\mongo-dbmanager\schema\queue.js
FNF:0
FNH:0
DA:1,1
DA:2,1
DA:4,1
DA:23,1
LF:4
LH:4
BRF:0
BRH:0
end_of_record
TN:
SF:microservices\mongo-dbmanager\schema\roles.js
FNF:0
FNH:0
DA:1,1
DA:2,1
DA:4,1
DA:19,1
LF:4
LH:4
BRF:0
BRH:0
end_of_record
TN:
SF:microservices\mongo-dbmanager\schema\user.js
FNF:0
FNH:0
DA:1,1
DA:2,1
DA:4,1
DA:91,1
LF:4
LH:4
BRF:0
BRH:0
end_of_record
