<?xml version="1.0" encoding="UTF-8" ?>
<testsuite tests="1" failures="1" name="TestSuite" time="62.53" errors="0" skipped="0">
  <properties>
[...]
</properties>
  <testcase classname="TestDeviceOne" name="login" time="62.53">
    <failure message="no such element: Unable to locate element: {&quot;method&quot;:&quot;xpath&quot;,&quot;selector&quot;:&quot;//button[contains(text(),&apos;+&apos;)]&quot;}
  (Session info: chrome=74.0.3729.185)
  (Driver info: chromedriver=74.0.3729.6 (255758eccf3d244491b8a1317aa76e1ce10d57e9-refs/branch-heads/3729@{#29}),platform=Windows NT 10.0.22621 x86_64)
For documentation on this error, please visit: https://selenium.dev/exceptions/#no_such_element
Build info: version: &apos;4.6.0&apos;, revision: &apos;79f1c02ae20&apos;
System info: os.name: &apos;Windows 10&apos;, os.arch: &apos;amd64&apos;, os.version: &apos;10.0&apos;, java.version: &apos;15.0.2&apos;
Driver info: io.appium.java_client.AppiumDriver
Command: [8e3dc8e3-4ee8-459e-82aa-bea62d1704a2, findElement {using=xpath, value=//button[contains(text(),&apos;+&apos;)]}]
Capabilities {appium:appActivity: com.google.android.apps.chr..., appium:appPackage: com.android.chrome, appium:autoGrantPermissions: true, appium:automationName: uiautomator2, appium:databaseEnabled: false, appium:desired: {autoGrantPermissions: true, automationName: uiautomator2, browserName: Chrome, fullReset: false, noReset: true, platformName: android, udid: emulator-5554}, appium:deviceApiLevel: 29, appium:deviceManufacturer: Google, appium:deviceModel: Android SDK built for x86, appium:deviceName: emulator-5554, appium:deviceScreenDensity: 560, appium:deviceScreenSize: 1440x3120, appium:deviceUDID: emulator-5554, appium:fullReset: false, appium:javascriptEnabled: true, appium:locationContextEnabled: false, appium:networkConnectionEnabled: true, appium:noReset: true, appium:pixelRatio: 3.5, appium:platformVersion: 10, appium:statBarHeight: 84, appium:takesScreenshot: true, appium:udid: emulator-5554, appium:viewportRect: {height: 2868, left: 0, top: 84, width: 1440}, appium:warnings: {}, appium:webStorageEnabled: false, browserName: Chrome, platformName: ANDROID}
Session ID: 8e3dc8e3-4ee8-459e-82aa-bea62d1704a2" type="org.openqa.selenium.NoSuchElementException">org.openqa.selenium.NoSuchElementException: no such element: Unable to locate element: {&quot;method&quot;:&quot;xpath&quot;,&quot;selector&quot;:&quot;//button[contains(text(),&apos;+&apos;)]&quot;}
  (Session info: chrome=74.0.3729.185)
  (Driver info: chromedriver=74.0.3729.6 (255758eccf3d244491b8a1317aa76e1ce10d57e9-refs/branch-heads/3729@{#29}),platform=Windows NT 10.0.22621 x86_64)
For documentation on this error, please visit: https://selenium.dev/exceptions/#no_such_element
Build info: version: &apos;4.6.0&apos;, revision: &apos;79f1c02ae20&apos;
System info: os.name: &apos;Windows 10&apos;, os.arch: &apos;amd64&apos;, os.version: &apos;10.0&apos;, java.version: &apos;15.0.2&apos;
Driver info: io.appium.java_client.AppiumDriver
Command: [8e3dc8e3-4ee8-459e-82aa-bea62d1704a2, findElement {using=xpath, value=//button[contains(text(),&apos;+&apos;)]}]
Capabilities {appium:appActivity: com.google.android.apps.chr..., appium:appPackage: com.android.chrome, appium:autoGrantPermissions: true, appium:automationName: uiautomator2, appium:databaseEnabled: false, appium:desired: {autoGrantPermissions: true, automationName: uiautomator2, browserName: Chrome, fullReset: false, noReset: true, platformName: android, udid: emulator-5554}, appium:deviceApiLevel: 29, appium:deviceManufacturer: Google, appium:deviceModel: Android SDK built for x86, appium:deviceName: emulator-5554, appium:deviceScreenDensity: 560, appium:deviceScreenSize: 1440x3120, appium:deviceUDID: emulator-5554, appium:fullReset: false, appium:javascriptEnabled: true, appium:locationContextEnabled: false, appium:networkConnectionEnabled: true, appium:noReset: true, appium:pixelRatio: 3.5, appium:platformVersion: 10, appium:statBarHeight: 84, appium:takesScreenshot: true, appium:udid: emulator-5554, appium:viewportRect: {height: 2868, left: 0, top: 84, width: 1440}, appium:warnings: {}, appium:webStorageEnabled: false, browserName: Chrome, platformName: ANDROID}
Session ID: 8e3dc8e3-4ee8-459e-82aa-bea62d1704a2
	at java.base/jdk.internal.reflect.NativeConstructorAccessorImpl.newInstance0(Native Method)
	at java.base/jdk.internal.reflect.NativeConstructorAccessorImpl.newInstance(NativeConstructorAccessorImpl.java:64)
	at java.base/jdk.internal.reflect.DelegatingConstructorAccessorImpl.newInstance(DelegatingConstructorAccessorImpl.java:45)
	at java.base/java.lang.reflect.Constructor.newInstanceWithCaller(Constructor.java:500)
	at java.base/java.lang.reflect.Constructor.newInstance(Constructor.java:481)
	at org.openqa.selenium.remote.codec.w3c.W3CHttpResponseCodec.createException(W3CHttpResponseCodec.java:200)
	at org.openqa.selenium.remote.codec.w3c.W3CHttpResponseCodec.decode(W3CHttpResponseCodec.java:133)
	at org.openqa.selenium.remote.codec.w3c.W3CHttpResponseCodec.decode(W3CHttpResponseCodec.java:53)
	at org.openqa.selenium.remote.HttpCommandExecutor.execute(HttpCommandExecutor.java:184)
	at io.appium.java_client.remote.AppiumCommandExecutor.execute(AppiumCommandExecutor.java:180)
	at org.openqa.selenium.remote.RemoteWebDriver.execute(RemoteWebDriver.java:541)
	at org.openqa.selenium.remote.ElementLocation$ElementFinder$2.findElement(ElementLocation.java:162)
	at org.openqa.selenium.remote.ElementLocation.findElement(ElementLocation.java:60)
	at org.openqa.selenium.remote.RemoteWebDriver.findElement(RemoteWebDriver.java:365)
	at org.openqa.selenium.remote.RemoteWebDriver.findElement(RemoteWebDriver.java:357)
	at TestDeviceOne.login(TestDeviceOne.java:25)
</failure>
    <system-out>Configuring TestNG with: org.apache.maven.surefire.testng.conf.TestNG652Configurator@6d8a00e3
Navigated to website
found uname
Login button clicked
</system-out>
    <system-err>SLF4J: Failed to load class &quot;org.slf4j.impl.StaticLoggerBinder&quot;.
SLF4J: Defaulting to no-operation (NOP) logger implementation
SLF4J: See http://www.slf4j.org/codes.html#StaticLoggerBinder for further details.
</system-err>
  </testcase>
</testsuite>