<?xml version="1.0" encoding="UTF-8"?>
<!-- Generated by org.testng.reporters.JUnitXMLReporter -->
<testsuite ignored="6" hostname="Arsany" failures="0" tests="5" name="Command line test" time="152.708" errors="0" timestamp="2023-01-17T16:07:13 PST">
  <testcase classname="test.java.confAutoReportTest" name="addBuilding" time="35.879"/>
  <testcase classname="test.java.AddPropertyTest" name="addProperty" time="42.256"/>
  <testcase classname="test.java.AddPropertyTest" name="mapView" time="3.633"/>
  <testcase classname="test.java.LoginTest" name="addTemperature" time="29.589"/>
  <testcase classname="test.java.LoginTest" name="minusTemperature" time="18.09"/>
  <testcase classname="hooks.base" name="@BeforeSuite beforeEachTest" time="0.0">
    <ignored/>
  </testcase> <!-- @BeforeSuite beforeEachTest -->
  <testcase classname="hooks.base" name="@BeforeSuite beforeEachTest" time="0.0">
    <ignored/>
  </testcase> <!-- @BeforeSuite beforeEachTest -->
  <testcase classname="hooks.base" name="@AfterTest afterEachTest" time="0.0">
    <ignored/>
  </testcase> <!-- @AfterTest afterEachTest -->
  <testcase classname="hooks.base" name="@AfterTest afterSuite" time="0.0">
    <ignored/>
  </testcase> <!-- @AfterTest afterSuite -->
  <testcase classname="hooks.base" name="@AfterTest afterSuite" time="0.0">
    <ignored/>
  </testcase> <!-- @AfterTest afterSuite -->
  <testcase classname="hooks.base" name="@AfterTest afterEachTest" time="0.0">
    <ignored/>
  </testcase> <!-- @AfterTest afterEachTest -->
</testsuite> <!-- Command line test -->
