<?xml version="1.0" encoding="UTF-8"?>
<testng-results ignored="0" total="2" passed="2" failed="0" skipped="0">
  <reporter-output>
  </reporter-output>
  <suite started-at="2023-01-26T15:15:10 PST" name="Command line suite" finished-at="2023-01-26T15:16:32 PST" duration-ms="81964">
    <groups>
    </groups>
    <test started-at="2023-01-26T15:15:10 PST" name="Command line test" finished-at="2023-01-26T15:16:32 PST" duration-ms="81964">
      <class name="Test1">
        <test-method is-config="true" signature="setUp(java.lang.reflect.Method)[pri:0, instance:Test1@35083305]" started-at="2023-01-26T15:15:10 PST" name="setUp" finished-at="2023-01-26T15:15:27 PST" duration-ms="16546" status="PASS">
          <params>
            <param index="0">
              <value>
                <![CDATA[public void Test1.login()]]>
              </value>
            </param>
          </params>
          <reporter-output>
          </reporter-output>
        </test-method> <!-- setUp -->
        <test-method signature="login()[pri:0, instance:Test1@35083305]" started-at="2023-01-26T15:15:27 PST" name="login" finished-at="2023-01-26T15:16:06 PST" duration-ms="38530" status="PASS">
          <reporter-output>
          </reporter-output>
        </test-method> <!-- login -->
        <test-method is-config="true" signature="tearDown()[pri:0, instance:Test1@35083305]" started-at="2023-01-26T15:16:06 PST" name="tearDown" finished-at="2023-01-26T15:16:06 PST" duration-ms="794" status="PASS">
          <reporter-output>
          </reporter-output>
        </test-method> <!-- tearDown -->
      </class> <!-- Test1 -->
      <class name="TestDeviceTwo">
        <test-method is-config="true" signature="setUp(java.lang.reflect.Method)[pri:0, instance:TestDeviceTwo@6f3b5d16]" started-at="2023-01-26T15:16:06 PST" name="setUp" finished-at="2023-01-26T15:16:23 PST" duration-ms="16987" status="PASS">
          <params>
            <param index="0">
              <value>
                <![CDATA[public void TestDeviceTwo.login()]]>
              </value>
            </param>
          </params>
          <reporter-output>
          </reporter-output>
        </test-method> <!-- setUp -->
        <test-method signature="login()[pri:0, instance:TestDeviceTwo@6f3b5d16]" started-at="2023-01-26T15:16:23 PST" name="login" finished-at="2023-01-26T15:16:32 PST" duration-ms="9038" status="PASS">
          <reporter-output>
          </reporter-output>
        </test-method> <!-- login -->
      </class> <!-- TestDeviceTwo -->
    </test> <!-- Command line test -->
  </suite> <!-- Command line suite -->
</testng-results>
